Arguments: 
  C:\Program Files\nodejs\node.exe C:\Users\Thealoq\AppData\Roaming\npm\node_modules\yarn\bin\yarn.js add discord-modals'

PATH: 
  C:\Python310\Scripts\;C:\Python310\;C:\Program Files\Common Files\Oracle\Java\javapath;C:\WINDOWS\system32;C:\WINDOWS;C:\WINDOWS\System32\Wbem;C:\WINDOWS\System32\WindowsPowerShell\v1.0\;C:\WINDOWS\System32\OpenSSH\;C:\Program Files\nodejs\;C:\ProgramData\chocolatey\bin;C:\Program Files\ArangoDB3 3.9.1\usr\bin;C:\Program Files\Git\cmd;C:\Users\Thealoq\.cargo\bin;C:\Users\Thealoq\AppData\Local\Programs\Python\Python37-32\Scripts\;C:\Users\Thealoq\AppData\Local\Programs\Python\Python37-32\;C:\Users\Thealoq\scoop\shims;C:\Users\Thealoq\AppData\Local\Microsoft\WindowsApps;C:\Users\Thealoq\AppData\Roaming\npm;C:\Users\Thealoq\AppData\Local\Programs\Microsoft VS Code\bin;C:\Users\Thealoq\AppData\Local\GitHubDesktop\bin;C:\Program Files\JetBrains\WebStorm 2022.1.2\bin;;C:\Program Files\JetBrains\IntelliJ IDEA Community Edition 2022.1.3\bin;;C:\Program Files\JetBrains\CLion 2022.2.1\bin;;C:\Users\Thealoq\AppData\Local\Microsoft\WindowsApps;

Yarn version: 
  1.22.18

Node version: 
  16.14.2

Platform: 
  win32 x64

Trace: 
  Error: https://registry.yarnpkg.com/discord-modals%27: Not found
      at Request.params.callback [as _callback] (C:\Users\Thealoq\AppData\Roaming\npm\node_modules\yarn\lib\cli.js:66138:18)
      at Request.self.callback (C:\Users\Thealoq\AppData\Roaming\npm\node_modules\yarn\lib\cli.js:140883:22)
      at Request.emit (node:events:526:28)
      at Request.<anonymous> (C:\Users\Thealoq\AppData\Roaming\npm\node_modules\yarn\lib\cli.js:141855:10)
      at Request.emit (node:events:526:28)
      at IncomingMessage.<anonymous> (C:\Users\Thealoq\AppData\Roaming\npm\node_modules\yarn\lib\cli.js:141777:12)
      at Object.onceWrapper (node:events:645:28)
      at IncomingMessage.emit (node:events:538:35)
      at endReadableNT (node:internal/streams/readable:1345:12)
      at processTicksAndRejections (node:internal/process/task_queues:83:21)

npm manifest: 
  {
    "name": "thealoqv13slash",
    "version": "1.0.0",
    "description": "",
    "main": "./Src/Thealoq.js",
    "scripts": {
      "dev": "node ."
    },
    "keywords": [
      "thealoq"
    ],
    "author": "thealoq",
    "license": "ISC",
    "dependencies": {
      "@discordjs/rest": "^1.3.0",
      "discord.js": "^13.11.0",
      "moment": "^2.29.4",
      "mongoose": "^6.3.4",
      "node-fetch": "^2.6.7"
    }
  }

yarn manifest: 
  No manifest

Lockfile: 
  # THIS IS AN AUTOGENERATED FILE. DO NOT EDIT THIS FILE DIRECTLY.
  # yarn lockfile v1
  
  
  "@aws-crypto/ie11-detection@^2.0.0":
    version "2.0.2"
    resolved "https://registry.yarnpkg.com/@aws-crypto/ie11-detection/-/ie11-detection-2.0.2.tgz#9c39f4a5558196636031a933ec1b4792de959d6a"
    integrity sha512-5XDMQY98gMAf/WRTic5G++jfmS/VLM0rwpiOpaainKi4L0nqWMSB1SzsrEG5rjFZGYN6ZAefO+/Yta2dFM0kMw==
    dependencies:
      tslib "^1.11.1"
  
  "@aws-crypto/sha256-browser@2.0.0":
    version "2.0.0"
    resolved "https://registry.yarnpkg.com/@aws-crypto/sha256-browser/-/sha256-browser-2.0.0.tgz#741c9024df55ec59b51e5b1f5d806a4852699fb5"
    integrity sha512-rYXOQ8BFOaqMEHJrLHul/25ckWH6GTJtdLSajhlqGMx0PmSueAuvboCuZCTqEKlxR8CQOwRarxYMZZSYlhRA1A==
    dependencies:
      "@aws-crypto/ie11-detection" "^2.0.0"
      "@aws-crypto/sha256-js" "^2.0.0"
      "@aws-crypto/supports-web-crypto" "^2.0.0"
      "@aws-crypto/util" "^2.0.0"
      "@aws-sdk/types" "^3.1.0"
      "@aws-sdk/util-locate-window" "^3.0.0"
      "@aws-sdk/util-utf8-browser" "^3.0.0"
      tslib "^1.11.1"
  
  "@aws-crypto/sha256-js@2.0.0":
    version "2.0.0"
    resolved "https://registry.yarnpkg.com/@aws-crypto/sha256-js/-/sha256-js-2.0.0.tgz#f1f936039bdebd0b9e2dd834d65afdc2aac4efcb"
    integrity sha512-VZY+mCY4Nmrs5WGfitmNqXzaE873fcIZDu54cbaDaaamsaTOP1DBImV9F4pICc3EHjQXujyE8jig+PFCaew9ig==
    dependencies:
      "@aws-crypto/util" "^2.0.0"
      "@aws-sdk/types" "^3.1.0"
      tslib "^1.11.1"
  
  "@aws-crypto/sha256-js@^2.0.0":
    version "2.0.2"
    resolved "https://registry.yarnpkg.com/@aws-crypto/sha256-js/-/sha256-js-2.0.2.tgz#c81e5d378b8a74ff1671b58632779986e50f4c99"
    integrity sha512-iXLdKH19qPmIC73fVCrHWCSYjN/sxaAvZ3jNNyw6FclmHyjLKg0f69WlC9KTnyElxCR5MO9SKaG00VwlJwyAkQ==
    dependencies:
      "@aws-crypto/util" "^2.0.2"
      "@aws-sdk/types" "^3.110.0"
      tslib "^1.11.1"
  
  "@aws-crypto/supports-web-crypto@^2.0.0":
    version "2.0.2"
    resolved "https://registry.yarnpkg.com/@aws-crypto/supports-web-crypto/-/supports-web-crypto-2.0.2.tgz#9f02aafad8789cac9c0ab5faaebb1ab8aa841338"
    integrity sha512-6mbSsLHwZ99CTOOswvCRP3C+VCWnzBf+1SnbWxzzJ9lR0mA0JnY2JEAhp8rqmTE0GPFy88rrM27ffgp62oErMQ==
    dependencies:
      tslib "^1.11.1"
  
  "@aws-crypto/util@^2.0.0", "@aws-crypto/util@^2.0.2":
    version "2.0.2"
    resolved "https://registry.yarnpkg.com/@aws-crypto/util/-/util-2.0.2.tgz#adf5ff5dfbc7713082f897f1d01e551ce0edb9c0"
    integrity sha512-Lgu5v/0e/BcrZ5m/IWqzPUf3UYFTy/PpeED+uc9SWUR1iZQL8XXbGQg10UfllwwBryO3hFF5dizK+78aoXC1eA==
    dependencies:
      "@aws-sdk/types" "^3.110.0"
      "@aws-sdk/util-utf8-browser" "^3.0.0"
      tslib "^1.11.1"
  
  "@aws-sdk/abort-controller@3.208.0":
    version "3.208.0"
    resolved "https://registry.yarnpkg.com/@aws-sdk/abort-controller/-/abort-controller-3.208.0.tgz#a8cd5c59d2b95c51f11e420858029bcc54af786f"
    integrity sha512-mQkDR+8VLCafg9KI4TgftftBOL170ricyb+HgV8n5jLDrEG+TfOfud8e6us2lIFESEuMpohC+/8yIcf6JjKkMg==
    dependencies:
      "@aws-sdk/types" "3.208.0"
      tslib "^2.3.1"
  
  "@aws-sdk/client-cognito-identity@3.208.0":
    version "3.208.0"
    resolved "https://registry.yarnpkg.com/@aws-sdk/client-cognito-identity/-/client-cognito-identity-3.208.0.tgz#f11e98fe790fd55802e539deaaa0a928ffadc3a2"
    integrity sha512-mYlkNxRYJyXkHwY+6kv2Wth2xcP+dfgDrqfnHqMAKL1TGPVtkCKFYw0xAk4aBrlRfx1unyQFDen2NfBVtITCSw==
    dependencies:
      "@aws-crypto/sha256-browser" "2.0.0"
      "@aws-crypto/sha256-js" "2.0.0"
      "@aws-sdk/client-sts" "3.208.0"
      "@aws-sdk/config-resolver" "3.208.0"
      "@aws-sdk/credential-provider-node" "3.208.0"
      "@aws-sdk/fetch-http-handler" "3.208.0"
      "@aws-sdk/hash-node" "3.208.0"
      "@aws-sdk/invalid-dependency" "3.208.0"
      "@aws-sdk/middleware-content-length" "3.208.0"
      "@aws-sdk/middleware-endpoint" "3.208.0"
      "@aws-sdk/middleware-host-header" "3.208.0"
      "@aws-sdk/middleware-logger" "3.208.0"
      "@aws-sdk/middleware-recursion-detection" "3.208.0"
      "@aws-sdk/middleware-retry" "3.208.0"
      "@aws-sdk/middleware-serde" "3.208.0"
      "@aws-sdk/middleware-signing" "3.208.0"
      "@aws-sdk/middleware-stack" "3.208.0"
      "@aws-sdk/middleware-user-agent" "3.208.0"
      "@aws-sdk/node-config-provider" "3.208.0"
      "@aws-sdk/node-http-handler" "3.208.0"
      "@aws-sdk/protocol-http" "3.208.0"
      "@aws-sdk/smithy-client" "3.208.0"
      "@aws-sdk/types" "3.208.0"
      "@aws-sdk/url-parser" "3.208.0"
      "@aws-sdk/util-base64" "3.208.0"
      "@aws-sdk/util-base64-browser" "3.208.0"
      "@aws-sdk/util-base64-node" "3.208.0"
      "@aws-sdk/util-body-length-browser" "3.188.0"
      "@aws-sdk/util-body-length-node" "3.208.0"
      "@aws-sdk/util-defaults-mode-browser" "3.208.0"
      "@aws-sdk/util-defaults-mode-node" "3.208.0"
      "@aws-sdk/util-endpoints" "3.208.0"
      "@aws-sdk/util-user-agent-browser" "3.208.0"
      "@aws-sdk/util-user-agent-node" "3.208.0"
      "@aws-sdk/util-utf8-browser" "3.188.0"
      "@aws-sdk/util-utf8-node" "3.208.0"
      tslib "^2.3.1"
  
  "@aws-sdk/client-sso@3.208.0":
    version "3.208.0"
    resolved "https://registry.yarnpkg.com/@aws-sdk/client-sso/-/client-sso-3.208.0.tgz#3a5f35b435e299e33d9db7840674ffa97882e518"
    integrity sha512-3e6kEFtuxqZVv1cLGbXFAytTPzR1GpctKITEtJR0MFy3pzj8ttbybrHe0F8z2AqAtDhna1i3u1WVZa+LK3gE9Q==
    dependencies:
      "@aws-crypto/sha256-browser" "2.0.0"
      "@aws-crypto/sha256-js" "2.0.0"
      "@aws-sdk/config-resolver" "3.208.0"
      "@aws-sdk/fetch-http-handler" "3.208.0"
      "@aws-sdk/hash-node" "3.208.0"
      "@aws-sdk/invalid-dependency" "3.208.0"
      "@aws-sdk/middleware-content-length" "3.208.0"
      "@aws-sdk/middleware-endpoint" "3.208.0"
      "@aws-sdk/middleware-host-header" "3.208.0"
      "@aws-sdk/middleware-logger" "3.208.0"
      "@aws-sdk/middleware-recursion-detection" "3.208.0"
      "@aws-sdk/middleware-retry" "3.208.0"
      "@aws-sdk/middleware-serde" "3.208.0"
      "@aws-sdk/middleware-stack" "3.208.0"
      "@aws-sdk/middleware-user-agent" "3.208.0"
      "@aws-sdk/node-config-provider" "3.208.0"
      "@aws-sdk/node-http-handler" "3.208.0"
      "@aws-sdk/protocol-http" "3.208.0"
      "@aws-sdk/smithy-client" "3.208.0"
      "@aws-sdk/types" "3.208.0"
      "@aws-sdk/url-parser" "3.208.0"
      "@aws-sdk/util-base64" "3.208.0"
      "@aws-sdk/util-base64-browser" "3.208.0"
      "@aws-sdk/util-base64-node" "3.208.0"
      "@aws-sdk/util-body-length-browser" "3.188.0"
      "@aws-sdk/util-body-length-node" "3.208.0"
      "@aws-sdk/util-defaults-mode-browser" "3.208.0"
      "@aws-sdk/util-defaults-mode-node" "3.208.0"
      "@aws-sdk/util-endpoints" "3.208.0"
      "@aws-sdk/util-user-agent-browser" "3.208.0"
      "@aws-sdk/util-user-agent-node" "3.208.0"
      "@aws-sdk/util-utf8-browser" "3.188.0"
      "@aws-sdk/util-utf8-node" "3.208.0"
      tslib "^2.3.1"
  
  "@aws-sdk/client-sts@3.208.0":
    version "3.208.0"
    resolved "https://registry.yarnpkg.com/@aws-sdk/client-sts/-/client-sts-3.208.0.tgz#460b0f70eae950be9afb646533f85901e651222a"
    integrity sha512-xmPxI/vW0YVm2YhmIfdTQYY8b8dvzP0ordgooDlzAZVj5KnpZLVzQUxin5EqVcZYFJp6qEkVwmFK03QLy9fYOw==
    dependencies:
      "@aws-crypto/sha256-browser" "2.0.0"
      "@aws-crypto/sha256-js" "2.0.0"
      "@aws-sdk/config-resolver" "3.208.0"
      "@aws-sdk/credential-provider-node" "3.208.0"
      "@aws-sdk/fetch-http-handler" "3.208.0"
      "@aws-sdk/hash-node" "3.208.0"
      "@aws-sdk/invalid-dependency" "3.208.0"
      "@aws-sdk/middleware-content-length" "3.208.0"
      "@aws-sdk/middleware-endpoint" "3.208.0"
      "@aws-sdk/middleware-host-header" "3.208.0"
      "@aws-sdk/middleware-logger" "3.208.0"
      "@aws-sdk/middleware-recursion-detection" "3.208.0"
      "@aws-sdk/middleware-retry" "3.208.0"
      "@aws-sdk/middleware-sdk-sts" "3.208.0"
      "@aws-sdk/middleware-serde" "3.208.0"
      "@aws-sdk/middleware-signing" "3.208.0"
      "@aws-sdk/middleware-stack" "3.208.0"
      "@aws-sdk/middleware-user-agent" "3.208.0"
      "@aws-sdk/node-config-provider" "3.208.0"
      "@aws-sdk/node-http-handler" "3.208.0"
      "@aws-sdk/protocol-http" "3.208.0"
      "@aws-sdk/smithy-client" "3.208.0"
      "@aws-sdk/types" "3.208.0"
      "@aws-sdk/url-parser" "3.208.0"
      "@aws-sdk/util-base64" "3.208.0"
      "@aws-sdk/util-base64-browser" "3.208.0"
      "@aws-sdk/util-base64-node" "3.208.0"
      "@aws-sdk/util-body-length-browser" "3.188.0"
      "@aws-sdk/util-body-length-node" "3.208.0"
      "@aws-sdk/util-defaults-mode-browser" "3.208.0"
      "@aws-sdk/util-defaults-mode-node" "3.208.0"
      "@aws-sdk/util-endpoints" "3.208.0"
      "@aws-sdk/util-user-agent-browser" "3.208.0"
      "@aws-sdk/util-user-agent-node" "3.208.0"
      "@aws-sdk/util-utf8-browser" "3.188.0"
      "@aws-sdk/util-utf8-node" "3.208.0"
      fast-xml-parser "4.0.11"
      tslib "^2.3.1"
  
  "@aws-sdk/config-resolver@3.208.0":
    version "3.208.0"
    resolved "https://registry.yarnpkg.com/@aws-sdk/config-resolver/-/config-resolver-3.208.0.tgz#7ebfc7d1350fe442d8e19b0bc5d93ad86a5764ea"
    integrity sha512-eLwI7rjk3AJj/S8PqRcUi9iBD+cTm1Nzu1CmYyeiwU6YbJLe5/2CrhW1wjkOGleE+aD967U1TWiB18tsx6fj+w==
    dependencies:
      "@aws-sdk/signature-v4" "3.208.0"
      "@aws-sdk/types" "3.208.0"
      "@aws-sdk/util-config-provider" "3.208.0"
      "@aws-sdk/util-middleware" "3.208.0"
      tslib "^2.3.1"
  
  "@aws-sdk/credential-provider-cognito-identity@3.208.0":
    version "3.208.0"
    resolved "https://registry.yarnpkg.com/@aws-sdk/credential-provider-cognito-identity/-/credential-provider-cognito-identity-3.208.0.tgz#ba00dd50b1e9b17a18e9fe86e40351531675279d"
    integrity sha512-Eo7CkJTJQXrH0SsABcALRZXu7lqtdiwGVLWMtIzfL+Mb8weaIdWTJOvjSEOKe1ye3JMoOORf7UCPvAxOqywXKA==
    dependencies:
      "@aws-sdk/client-cognito-identity" "3.208.0"
      "@aws-sdk/property-provider" "3.208.0"
      "@aws-sdk/types" "3.208.0"
      tslib "^2.3.1"
  
  "@aws-sdk/credential-provider-env@3.208.0":
    version "3.208.0"
    resolved "https://registry.yarnpkg.com/@aws-sdk/credential-provider-env/-/credential-provider-env-3.208.0.tgz#5bc653ea24acbd1e80ee9e218fde2ecf44af7043"
    integrity sha512-FB+KUSpZc03wVTXxGnMmgtaP0sJOv0D7oyogHb7wcf5b7RjjwqoaeUcJHTdKRZaW6e1foLk3/L9uebxiWefDbQ==
    dependencies:
      "@aws-sdk/property-provider" "3.208.0"
      "@aws-sdk/types" "3.208.0"
      tslib "^2.3.1"
  
  "@aws-sdk/credential-provider-imds@3.208.0":
    version "3.208.0"
    resolved "https://registry.yarnpkg.com/@aws-sdk/credential-provider-imds/-/credential-provider-imds-3.208.0.tgz#97b10f54ce5584cb4009f197dea33b7ac18cf45d"
    integrity sha512-z4Bk42FQefBzS1SZ6/4gsAFE7tQhEoDmSUrFVSDu/9WwvGpFMnFfHLTBhivlcAHjc/eQ/hiWYLnQ8vahqhHl8w==
    dependencies:
      "@aws-sdk/node-config-provider" "3.208.0"
      "@aws-sdk/property-provider" "3.208.0"
      "@aws-sdk/types" "3.208.0"
      "@aws-sdk/url-parser" "3.208.0"
      tslib "^2.3.1"
  
  "@aws-sdk/credential-provider-ini@3.208.0":
    version "3.208.0"
    resolved "https://registry.yarnpkg.com/@aws-sdk/credential-provider-ini/-/credential-provider-ini-3.208.0.tgz#27d4249aae4b5ff7023abdd4ecac56eb28fdce93"
    integrity sha512-AhsUj4046wMnxrPunNVEuddOIb//KsaicRqucw1Pb/UqszDRO4hYWkw7pL10MPIqjHBwuXYZ3vjDZrIhIWMn7A==
    dependencies:
      "@aws-sdk/credential-provider-env" "3.208.0"
      "@aws-sdk/credential-provider-imds" "3.208.0"
      "@aws-sdk/credential-provider-sso" "3.208.0"
      "@aws-sdk/credential-provider-web-identity" "3.208.0"
      "@aws-sdk/property-provider" "3.208.0"
      "@aws-sdk/shared-ini-file-loader" "3.208.0"
      "@aws-sdk/types" "3.208.0"
      tslib "^2.3.1"
  
  "@aws-sdk/credential-provider-node@3.208.0":
    version "3.208.0"
    resolved "https://registry.yarnpkg.com/@aws-sdk/credential-provider-node/-/credential-provider-node-3.208.0.tgz#a3fe2ebb07f38c8f678f98edd0b7c505886dfba6"
    integrity sha512-KYoxlpDzvhw6v0ae0TgIGPP52HJUHQGI3yImhAZZTz0Nh5B0zd2stip+p36sCYRW6V+TJ5mo5minwqDmYe8oXg==
    dependencies:
      "@aws-sdk/credential-provider-env" "3.208.0"
      "@aws-sdk/credential-provider-imds" "3.208.0"
      "@aws-sdk/credential-provider-ini" "3.208.0"
      "@aws-sdk/credential-provider-process" "3.208.0"
      "@aws-sdk/credential-provider-sso" "3.208.0"
      "@aws-sdk/credential-provider-web-identity" "3.208.0"
      "@aws-sdk/property-provider" "3.208.0"
      "@aws-sdk/shared-ini-file-loader" "3.208.0"
      "@aws-sdk/types" "3.208.0"
      tslib "^2.3.1"
  
  "@aws-sdk/credential-provider-process@3.208.0":
    version "3.208.0"
    resolved "https://registry.yarnpkg.com/@aws-sdk/credential-provider-process/-/credential-provider-process-3.208.0.tgz#c1447f02a9c23ca1f569ec10c54b9418e77af059"
    integrity sha512-ExvFSJB/pVV+/BXIvFR9dgoGxWWnF6uqIw1hfpWCh28UDwsOQdbfUKblMovUfPDBUw67Laqy3mtiY37Jyo/EUQ==
    dependencies:
      "@aws-sdk/property-provider" "3.208.0"
      "@aws-sdk/shared-ini-file-loader" "3.208.0"
      "@aws-sdk/types" "3.208.0"
      tslib "^2.3.1"
  
  "@aws-sdk/credential-provider-sso@3.208.0":
    version "3.208.0"
    resolved "https://registry.yarnpkg.com/@aws-sdk/credential-provider-sso/-/credential-provider-sso-3.208.0.tgz#3b06346c5f07d49a226db5cc51b8ad7d789c8466"
    integrity sha512-GVUBmSG8eO4oXy5XpslAgVUBimEVBYmyCdwrwED79ey/7NWfkIVt46VZQapWyAJsarKW+VFpx7BYnam9YBR6hA==
    dependencies:
      "@aws-sdk/client-sso" "3.208.0"
      "@aws-sdk/property-provider" "3.208.0"
      "@aws-sdk/shared-ini-file-loader" "3.208.0"
      "@aws-sdk/types" "3.208.0"
      tslib "^2.3.1"
  
  "@aws-sdk/credential-provider-web-identity@3.208.0":
    version "3.208.0"
    resolved "https://registry.yarnpkg.com/@aws-sdk/credential-provider-web-identity/-/credential-provider-web-identity-3.208.0.tgz#f9461bfdb05cd0e8105a877e3420245ca0698430"
    integrity sha512-7wtrdEr8uvDr5t0stimrXGsW4G+TQyluZ9OucCCY0HXgNihmnk1BIu+COuOSxRtFXHwCh4rIPaVE1ABG2Mq24g==
    dependencies:
      "@aws-sdk/property-provider" "3.208.0"
      "@aws-sdk/types" "3.208.0"
      tslib "^2.3.1"
  
  "@aws-sdk/credential-providers@^3.186.0":
    version "3.208.0"
    resolved "https://registry.yarnpkg.com/@aws-sdk/credential-providers/-/credential-providers-3.208.0.tgz#4e7c3f574fa4d80c2498174f9a5ba2eb18d944df"
    integrity sha512-wKbxh5RAEMseF2zViWgIZZ95tXDu8TVgVHZYcH5hv+PJSGRKpldZIdbaARKjaO7uOmeVdj/jvY3RuopwhMFO+g==
    dependencies:
      "@aws-sdk/client-cognito-identity" "3.208.0"
      "@aws-sdk/client-sso" "3.208.0"
      "@aws-sdk/client-sts" "3.208.0"
      "@aws-sdk/credential-provider-cognito-identity" "3.208.0"
      "@aws-sdk/credential-provider-env" "3.208.0"
      "@aws-sdk/credential-provider-imds" "3.208.0"
      "@aws-sdk/credential-provider-ini" "3.208.0"
      "@aws-sdk/credential-provider-node" "3.208.0"
      "@aws-sdk/credential-provider-process" "3.208.0"
      "@aws-sdk/credential-provider-sso" "3.208.0"
      "@aws-sdk/credential-provider-web-identity" "3.208.0"
      "@aws-sdk/property-provider" "3.208.0"
      "@aws-sdk/shared-ini-file-loader" "3.208.0"
      "@aws-sdk/types" "3.208.0"
      tslib "^2.3.1"
  
  "@aws-sdk/fetch-http-handler@3.208.0":
    version "3.208.0"
    resolved "https://registry.yarnpkg.com/@aws-sdk/fetch-http-handler/-/fetch-http-handler-3.208.0.tgz#b7d6e46cd6fdb635498a8de12bed6611b0eff6eb"
    integrity sha512-GuwkwOeyLKCbSbnFlyHdlKd7u54cnQUI8NfVDAxpZvomY3PV476Tzg8XEyOYE67r5rR6XMqn6IK1PmFAACY+ew==
    dependencies:
      "@aws-sdk/protocol-http" "3.208.0"
      "@aws-sdk/querystring-builder" "3.208.0"
      "@aws-sdk/types" "3.208.0"
      "@aws-sdk/util-base64" "3.208.0"
      tslib "^2.3.1"
  
  "@aws-sdk/hash-node@3.208.0":
    version "3.208.0"
    resolved "https://registry.yarnpkg.com/@aws-sdk/hash-node/-/hash-node-3.208.0.tgz#5dfeca399e1c6cfc73e1fa37479f4e32dfb42972"
    integrity sha512-X5u6nD9+wzaA6qhqbobxsIgiyDJMW8NgqjZgHoc5x1wz4unHUCEuSBZy1kbIZ6+EPZ9bQHQZ21gKgf1j5vhsvQ==
    dependencies:
      "@aws-sdk/types" "3.208.0"
      "@aws-sdk/util-buffer-from" "3.208.0"
      tslib "^2.3.1"
  
  "@aws-sdk/invalid-dependency@3.208.0":
    version "3.208.0"
    resolved "https://registry.yarnpkg.com/@aws-sdk/invalid-dependency/-/invalid-dependency-3.208.0.tgz#7efeec2b9cd89c66e2840add2dcd3aa46fd7a665"
    integrity sha512-mUpbtijk14KntYy+w5FSvmsfj/Dqa8HylYeCKniKBKkQ1avjEz7CdizVoxyZrR3rldnLE3gItr0FEDRUhtfkAA==
    dependencies:
      "@aws-sdk/types" "3.208.0"
      tslib "^2.3.1"
  
  "@aws-sdk/is-array-buffer@3.201.0":
    version "3.201.0"
    resolved "https://registry.yarnpkg.com/@aws-sdk/is-array-buffer/-/is-array-buffer-3.201.0.tgz#06e557adc284fac2f26071c2944ae01f61b95854"
    integrity sha512-UPez5qLh3dNgt0DYnPD/q0mVJY84rA17QE26hVNOW3fAji8W2wrwrxdacWOxyXvlxWsVRcKmr+lay1MDqpAMfg==
    dependencies:
      tslib "^2.3.1"
  
  "@aws-sdk/middleware-content-length@3.208.0":
    version "3.208.0"
    resolved "https://registry.yarnpkg.com/@aws-sdk/middleware-content-length/-/middleware-content-length-3.208.0.tgz#72a1d85fb8650c230d6a6d2599493fe8c65e2a8b"
    integrity sha512-8bLh7lHtmKQQ2fk0fGiP7pcVJglB/dz7Q9OooxFYK+eybqxfIDDUgKphA8AFT5W34tJRh5nhT3QTJ6zrOTQM3w==
    dependencies:
      "@aws-sdk/protocol-http" "3.208.0"
      "@aws-sdk/types" "3.208.0"
      tslib "^2.3.1"
  
  "@aws-sdk/middleware-endpoint@3.208.0":
    version "3.208.0"
    resolved "https://registry.yarnpkg.com/@aws-sdk/middleware-endpoint/-/middleware-endpoint-3.208.0.tgz#b4bfeda86cd715d230dbcae81b874831cdab2cf4"
    integrity sha512-pVa/cyB6ronfTVAoKUUTFbAPslDPU43DWOKXY/bACC3ys1lFo1CWjz4dLSQARxEEW3iZ1yZTy0zoHXnNrw5CFQ==
    dependencies:
      "@aws-sdk/middleware-serde" "3.208.0"
      "@aws-sdk/protocol-http" "3.208.0"
      "@aws-sdk/signature-v4" "3.208.0"
      "@aws-sdk/types" "3.208.0"
      "@aws-sdk/url-parser" "3.208.0"
      "@aws-sdk/util-config-provider" "3.208.0"
      "@aws-sdk/util-middleware" "3.208.0"
      tslib "^2.3.1"
  
  "@aws-sdk/middleware-host-header@3.208.0":
    version "3.208.0"
    resolved "https://registry.yarnpkg.com/@aws-sdk/middleware-host-header/-/middleware-host-header-3.208.0.tgz#48beb23baae85ecace2963f5eef1df02cee285ba"
    integrity sha512-3oyXK81TLWOZ2T/9Ltpbj/Z7R4QWSf+FCQRpY48ND2im/ALkgFRk/tmDTOshv+TQzW1q2lOSEeq4vK6yOCar7g==
    dependencies:
      "@aws-sdk/protocol-http" "3.208.0"
      "@aws-sdk/types" "3.208.0"
      tslib "^2.3.1"
  
  "@aws-sdk/middleware-logger@3.208.0":
    version "3.208.0"
    resolved "https://registry.yarnpkg.com/@aws-sdk/middleware-logger/-/middleware-logger-3.208.0.tgz#f0c6dcf3d6c686fe0d1abf5fb4d02f4f0ee65373"
    integrity sha512-mwSpuWruB8RrgUAAW7w/lvadnMDesl/bZ2IELBgJri+2rIqLGbAtygJBiG0Y3e8/IeOHuKuGkN1rFYZ4SKr7/A==
    dependencies:
      "@aws-sdk/types" "3.208.0"
      tslib "^2.3.1"
  
  "@aws-sdk/middleware-recursion-detection@3.208.0":
    version "3.208.0"
    resolved "https://registry.yarnpkg.com/@aws-sdk/middleware-recursion-detection/-/middleware-recursion-detection-3.208.0.tgz#210200e409fedf7ae31dc591e2df1839c33d4af3"
    integrity sha512-Dgpf5NEOYXvkQuGcbxvDovTh4HwO4ULJReGko67NJjgdZZyFS1fNykVPncxenRpsN9SJBigswYs3lwPVpqijzA==
    dependencies:
      "@aws-sdk/protocol-http" "3.208.0"
      "@aws-sdk/types" "3.208.0"
      tslib "^2.3.1"
  
  "@aws-sdk/middleware-retry@3.208.0":
    version "3.208.0"
    resolved "https://registry.yarnpkg.com/@aws-sdk/middleware-retry/-/middleware-retry-3.208.0.tgz#c17541b450ddcfd6c7c5c40c7568e8838307a04d"
    integrity sha512-JAcN2e3PKWGcNX7run/jP6xJ7w2m15a2CpVrfMtka9p/I/3qnqB86jGUs/3Iv04FEqgXq7KTHbFBg8CndsaHEw==
    dependencies:
      "@aws-sdk/protocol-http" "3.208.0"
      "@aws-sdk/service-error-classification" "3.208.0"
      "@aws-sdk/types" "3.208.0"
      "@aws-sdk/util-middleware" "3.208.0"
      tslib "^2.3.1"
      uuid "^8.3.2"
  
  "@aws-sdk/middleware-sdk-sts@3.208.0":
    version "3.208.0"
    resolved "https://registry.yarnpkg.com/@aws-sdk/middleware-sdk-sts/-/middleware-sdk-sts-3.208.0.tgz#fd7ea287e944b9fc99a71ca143ea49bd36b6c49b"
    integrity sha512-lFVodZHYLF7puXgNZ1m5ycKbyCPp79nqI+pkRXl066ZtZWzCW8+JKCaLjF3jfXlnvg6foPDJdxUvt0VU5EddGg==
    dependencies:
      "@aws-sdk/middleware-signing" "3.208.0"
      "@aws-sdk/property-provider" "3.208.0"
      "@aws-sdk/protocol-http" "3.208.0"
      "@aws-sdk/signature-v4" "3.208.0"
      "@aws-sdk/types" "3.208.0"
      tslib "^2.3.1"
  
  "@aws-sdk/middleware-serde@3.208.0":
    version "3.208.0"
    resolved "https://registry.yarnpkg.com/@aws-sdk/middleware-serde/-/middleware-serde-3.208.0.tgz#d16474ee3897b1c6cd52979d69cc8b36f490b771"
    integrity sha512-3h2yP6qyf/IhfdvyFeNX7w4BF37vOZvfUDBq+wb1QEc7DCAskoUKWtCCKJ9HDq3IJQp8hzqY82eawUir6flqlQ==
    dependencies:
      "@aws-sdk/types" "3.208.0"
      tslib "^2.3.1"
  
  "@aws-sdk/middleware-signing@3.208.0":
    version "3.208.0"
    resolved "https://registry.yarnpkg.com/@aws-sdk/middleware-signing/-/middleware-signing-3.208.0.tgz#28e3c45f11d114704a7c78a3cfef8b6e51610126"
    integrity sha512-cMSWhg8xOrxZw04EYKEQQQ7RT+03rigS4KS3Uy6x/M+jFyoM+sRiY/7376sJCwlpvKH2xJIVpwPbKk/uz4j4DA==
    dependencies:
      "@aws-sdk/property-provider" "3.208.0"
      "@aws-sdk/protocol-http" "3.208.0"
      "@aws-sdk/signature-v4" "3.208.0"
      "@aws-sdk/types" "3.208.0"
      "@aws-sdk/util-middleware" "3.208.0"
      tslib "^2.3.1"
  
  "@aws-sdk/middleware-stack@3.208.0":
    version "3.208.0"
    resolved "https://registry.yarnpkg.com/@aws-sdk/middleware-stack/-/middleware-stack-3.208.0.tgz#8cd5da676db9f58fb5b3f8593aaab334485c413e"
    integrity sha512-bvFPUa+RTB7PSRCUsO6bRlEtiEadrDES+dpNmInMNQ9kmbd4OhNOCb664hhtiglIIXX5cd8mSPEo+w/RV0kEEQ==
    dependencies:
      tslib "^2.3.1"
  
  "@aws-sdk/middleware-user-agent@3.208.0":
    version "3.208.0"
    resolved "https://registry.yarnpkg.com/@aws-sdk/middleware-user-agent/-/middleware-user-agent-3.208.0.tgz#4fe36f9ced65a487536d23b9679c549b830d7d0d"
    integrity sha512-6RNf+TOZpiCy7xUcDSh8ji/x8ht1oAM+qIhm6hsEPLdI1cTvbPZrwowO9Y6L0J68V9OkEgLYiq77KKKYT7QQSw==
    dependencies:
      "@aws-sdk/protocol-http" "3.208.0"
      "@aws-sdk/types" "3.208.0"
      tslib "^2.3.1"
  
  "@aws-sdk/node-config-provider@3.208.0":
    version "3.208.0"
    resolved "https://registry.yarnpkg.com/@aws-sdk/node-config-provider/-/node-config-provider-3.208.0.tgz#b532b9553f1e892339fd6eb5ec3a483eb178b033"
    integrity sha512-htjs1cDXYXEMwZ1q2vb7wfG3bOW4weWWkKcfT7vqzZKfTXoMH2mPpJIXnPE1PxXerOLXHGUU8qqhfl6LxjlnfQ==
    dependencies:
      "@aws-sdk/property-provider" "3.208.0"
      "@aws-sdk/shared-ini-file-loader" "3.208.0"
      "@aws-sdk/types" "3.208.0"
      tslib "^2.3.1"
  
  "@aws-sdk/node-http-handler@3.208.0":
    version "3.208.0"
    resolved "https://registry.yarnpkg.com/@aws-sdk/node-http-handler/-/node-http-handler-3.208.0.tgz#69fa111ff7064e6891ae78dfc22aef86a57d7d58"
    integrity sha512-2t0b9Id7WekluqxQdPugAZhe/wdzW0L53rfMEfDS3R0INNSq1sEfddIfCzJrmfWDCrCOGIDNyxo/w7Ki3NclzQ==
    dependencies:
      "@aws-sdk/abort-controller" "3.208.0"
      "@aws-sdk/protocol-http" "3.208.0"
      "@aws-sdk/querystring-builder" "3.208.0"
      "@aws-sdk/types" "3.208.0"
      tslib "^2.3.1"
  
  "@aws-sdk/property-provider@3.208.0":
    version "3.208.0"
    resolved "https://registry.yarnpkg.com/@aws-sdk/property-provider/-/property-provider-3.208.0.tgz#d3b153ee36c92df9000f9c6f9132b70ad50596c2"
    integrity sha512-aUhfuwXjZ5TGzLhBstuAMmbnxHXeSGhzoIS8yy465ifgc95p6cHFZf+ZibgwgCMaGrKlTDCia2zwwpKQHN+4cw==
    dependencies:
      "@aws-sdk/types" "3.208.0"
      tslib "^2.3.1"
  
  "@aws-sdk/protocol-http@3.208.0":
    version "3.208.0"
    resolved "https://registry.yarnpkg.com/@aws-sdk/protocol-http/-/protocol-http-3.208.0.tgz#e58d0cd04978a3ed97b6c165c1fc19ff1437139e"
    integrity sha512-Sr9dmaW0Z9X9s16NHZn94efLRpaqLyLqABFPgjqE8cYP6eLX/VrmZGNR62GFVxCiyEEpVxy4Ddk1YkbRwnuonA==
    dependencies:
      "@aws-sdk/types" "3.208.0"
      tslib "^2.3.1"
  
  "@aws-sdk/querystring-builder@3.208.0":
    version "3.208.0"
    resolved "https://registry.yarnpkg.com/@aws-sdk/querystring-builder/-/querystring-builder-3.208.0.tgz#fc2dcef63700a39739d540689c2a4b58995133ee"
    integrity sha512-1Rpauh5hWlK++KjsHQjHcSN7yE05hj1FVb0HaeLrFIJB5rQYWXK7DpOUhmv5SOmU+q6cIM2kNCrSxH31+WglMw==
    dependencies:
      "@aws-sdk/types" "3.208.0"
      "@aws-sdk/util-uri-escape" "3.201.0"
      tslib "^2.3.1"
  
  "@aws-sdk/querystring-parser@3.208.0":
    version "3.208.0"
    resolved "https://registry.yarnpkg.com/@aws-sdk/querystring-parser/-/querystring-parser-3.208.0.tgz#0409561bb71a67b274277e7b57ecde1b07220f9a"
    integrity sha512-dVVLdP3il9bJX74/BNBjFn59XrEVBUZ4xSKYH6t7dgSz9uSu8DcT4pPzwaq+/94dVewCW3zq2jVA1iw1rK7JVQ==
    dependencies:
      "@aws-sdk/types" "3.208.0"
      tslib "^2.3.1"
  
  "@aws-sdk/service-error-classification@3.208.0":
    version "3.208.0"
    resolved "https://registry.yarnpkg.com/@aws-sdk/service-error-classification/-/service-error-classification-3.208.0.tgz#fb14070c7863f7637fd7ef14afe0df2949e8ec83"
    integrity sha512-ZZWV3AOTd8UDcfXCNoQ8v4sHaTgFxGaXWO0NHHgqFbVYr1d+8EXQiOy/v8JsY1jrfoXBWXptTOcioCTeM0xBpw==
  
  "@aws-sdk/shared-ini-file-loader@3.208.0":
    version "3.208.0"
    resolved "https://registry.yarnpkg.com/@aws-sdk/shared-ini-file-loader/-/shared-ini-file-loader-3.208.0.tgz#6806a5e43992698de2ae4478185196c3cb7397f3"
    integrity sha512-ZDmwOLNiBKfvtN1M2eG2bItw0+4hKDU/XKqB+yVI9Uo29o4XwtQ4Br7HixTlPYJAavmM1cCch8PVvnwngYAKPA==
    dependencies:
      "@aws-sdk/types" "3.208.0"
      tslib "^2.3.1"
  
  "@aws-sdk/signature-v4@3.208.0":
    version "3.208.0"
    resolved "https://registry.yarnpkg.com/@aws-sdk/signature-v4/-/signature-v4-3.208.0.tgz#61f248b60c5ab34722d17e50af34f0ce7e13c63c"
    integrity sha512-+c5A8RsN4Lk3TXFiQ3ZsW7sJ4zYPPmYQ55ITSfjock5hzgM1vW43Mgvjjq6foW5L7SNfdhLH+NrhpgFwSF/GeA==
    dependencies:
      "@aws-sdk/is-array-buffer" "3.201.0"
      "@aws-sdk/types" "3.208.0"
      "@aws-sdk/util-hex-encoding" "3.201.0"
      "@aws-sdk/util-middleware" "3.208.0"
      "@aws-sdk/util-uri-escape" "3.201.0"
      tslib "^2.3.1"
  
  "@aws-sdk/smithy-client@3.208.0":
    version "3.208.0"
    resolved "https://registry.yarnpkg.com/@aws-sdk/smithy-client/-/smithy-client-3.208.0.tgz#f7cd9c9eeb20a0b328469c6d44916fa4551ba1a3"
    integrity sha512-4SGPAs7ZtG9AUYknJNkZTs+ww1cpdcPth5te+R/dN4anUbqtL2qvmbdZJ+8rzdAZKndXu0huKE1OZrR3COLciw==
    dependencies:
      "@aws-sdk/middleware-stack" "3.208.0"
      "@aws-sdk/types" "3.208.0"
      tslib "^2.3.1"
  
  "@aws-sdk/types@3.208.0", "@aws-sdk/types@^3.1.0", "@aws-sdk/types@^3.110.0":
    version "3.208.0"
    resolved "https://registry.yarnpkg.com/@aws-sdk/types/-/types-3.208.0.tgz#b674c31d6ebd34f970102b96bb128b7c2e28a670"
    integrity sha512-5AuOPtY1Hdf4xoEo+voRijl3OnFm8IB+oITXl+SN2iASJv+XPnRNw/QVbIxfGeWgWhmK31F+XdjTYsjT2rx8Qw==
  
  "@aws-sdk/url-parser@3.208.0":
    version "3.208.0"
    resolved "https://registry.yarnpkg.com/@aws-sdk/url-parser/-/url-parser-3.208.0.tgz#2af6d80ed1eba61ce3fd73b48f78c1db168e25c3"
    integrity sha512-zhU231xkZbUh68Z/TGNRW30MGTZQVigGuMiJU6eOtL2aOulnKqI1Yjs/QejrTtPWsqSihWvxOUZ2cVRPyeOvrA==
    dependencies:
      "@aws-sdk/querystring-parser" "3.208.0"
      "@aws-sdk/types" "3.208.0"
      tslib "^2.3.1"
  
  "@aws-sdk/util-base64-browser@3.208.0":
    version "3.208.0"
    resolved "https://registry.yarnpkg.com/@aws-sdk/util-base64-browser/-/util-base64-browser-3.208.0.tgz#8c0dd6feb54402bd722b23232987f82cfe47874a"
    integrity sha512-nR6S6aZqlr//Sy3+2J7G2mn5XG1ELBBTswvbp6kCo5BK9v/kESuzsHC5b6f3xzl/TY4JSG8Aj+h7x+kZHfKwwg==
    dependencies:
      tslib "^2.3.1"
  
  "@aws-sdk/util-base64-node@3.208.0":
    version "3.208.0"
    resolved "https://registry.yarnpkg.com/@aws-sdk/util-base64-node/-/util-base64-node-3.208.0.tgz#71604f22967c795ba9d835f223a38d6c5c41a13a"
    integrity sha512-tCkSexa90loq8yU+BKAX5WIVQGq8IM/DdFhFphQd1azgOIBYxafA/aVw9mDY+to0mq4QRHiUwmUsmzLWEFSDJg==
    dependencies:
      "@aws-sdk/util-buffer-from" "3.208.0"
      tslib "^2.3.1"
  
  "@aws-sdk/util-base64@3.208.0":
    version "3.208.0"
    resolved "https://registry.yarnpkg.com/@aws-sdk/util-base64/-/util-base64-3.208.0.tgz#36b430e5396251f761590f7c2f0c5c12193f353c"
    integrity sha512-PQniZph5A6N7uuEOQi+1hnMz/FSOK/8kMFyFO+4DgA1dZ5pcKcn5wiFwHkcTb/BsgVqQa3Jx0VHNnvhlS8JyTg==
    dependencies:
      "@aws-sdk/util-buffer-from" "3.208.0"
      tslib "^2.3.1"
  
  "@aws-sdk/util-body-length-browser@3.188.0":
    version "3.188.0"
    resolved "https://registry.yarnpkg.com/@aws-sdk/util-body-length-browser/-/util-body-length-browser-3.188.0.tgz#e1d949318c10a621b38575a9ef01e39f9857ddb0"
    integrity sha512-8VpnwFWXhnZ/iRSl9mTf+VKOX9wDE8QtN4bj9pBfxwf90H1X7E8T6NkiZD3k+HubYf2J94e7DbeHs7fuCPW5Qg==
    dependencies:
      tslib "^2.3.1"
  
  "@aws-sdk/util-body-length-node@3.208.0":
    version "3.208.0"
    resolved "https://registry.yarnpkg.com/@aws-sdk/util-body-length-node/-/util-body-length-node-3.208.0.tgz#baabd1fa1206ff2bd4ce3785122d86eb3258dd20"
    integrity sha512-3zj50e5g7t/MQf53SsuuSf0hEELzMtD8RX8C76f12OSRo2Bca4FLLYHe0TZbxcfQHom8/hOaeZEyTyMogMglqg==
    dependencies:
      tslib "^2.3.1"
  
  "@aws-sdk/util-buffer-from@3.208.0":
    version "3.208.0"
    resolved "https://registry.yarnpkg.com/@aws-sdk/util-buffer-from/-/util-buffer-from-3.208.0.tgz#285e86f6dc9030148a4147d65239e75cb254a1b0"
    integrity sha512-7L0XUixNEFcLUGPeBF35enCvB9Xl+K6SQsmbrPk1P3mlV9mguWSDQqbOBwY1Ir0OVbD6H/ZOQU7hI/9RtRI0Zw==
    dependencies:
      "@aws-sdk/is-array-buffer" "3.201.0"
      tslib "^2.3.1"
  
  "@aws-sdk/util-config-provider@3.208.0":
    version "3.208.0"
    resolved "https://registry.yarnpkg.com/@aws-sdk/util-config-provider/-/util-config-provider-3.208.0.tgz#c485fd83fbac051337e5f6be60ea3f9fa61c0139"
    integrity sha512-DSRqwrERUsT34ug+anlMBIFooBEGwM8GejC7q00Y/9IPrQy50KnG5PW2NiTjuLKNi7pdEOlwTSEocJE15eDZIg==
    dependencies:
      tslib "^2.3.1"
  
  "@aws-sdk/util-defaults-mode-browser@3.208.0":
    version "3.208.0"
    resolved "https://registry.yarnpkg.com/@aws-sdk/util-defaults-mode-browser/-/util-defaults-mode-browser-3.208.0.tgz#99e1e84be01ad6eeb04617c4751aeda5da67e92d"
    integrity sha512-i4cA074pycou1BPr7axFMiK3iHv+Tzjl/ZiN3Yc0BQDLWC9AQdrNodB4WAKnn4a4fWgA/MadfzKXnW1oltSzIg==
    dependencies:
      "@aws-sdk/property-provider" "3.208.0"
      "@aws-sdk/types" "3.208.0"
      bowser "^2.11.0"
      tslib "^2.3.1"
  
  "@aws-sdk/util-defaults-mode-node@3.208.0":
    version "3.208.0"
    resolved "https://registry.yarnpkg.com/@aws-sdk/util-defaults-mode-node/-/util-defaults-mode-node-3.208.0.tgz#0fa95814ed206d18328c18dc9108a5ac73b967ba"
    integrity sha512-y9dENqcmiUb7/D3uwJsE/fV+RZ9CUc/cs4OcofO81sU29xz8Fg/XQarjSdGVZMTnrDd190GXymMcB4qpOYhtPw==
    dependencies:
      "@aws-sdk/config-resolver" "3.208.0"
      "@aws-sdk/credential-provider-imds" "3.208.0"
      "@aws-sdk/node-config-provider" "3.208.0"
      "@aws-sdk/property-provider" "3.208.0"
      "@aws-sdk/types" "3.208.0"
      tslib "^2.3.1"
  
  "@aws-sdk/util-endpoints@3.208.0":
    version "3.208.0"
    resolved "https://registry.yarnpkg.com/@aws-sdk/util-endpoints/-/util-endpoints-3.208.0.tgz#107a60a68a4d9f144e9169ded2f597770a00580b"
    integrity sha512-FGJA07iEbC883bAaw0qtDrly5Y+1nR3ic+OOzGX2AsSgaeVAc1j8Lgg3br7ofBbr8p81ec6zN4syy4v7V0Wb0A==
    dependencies:
      "@aws-sdk/types" "3.208.0"
      tslib "^2.3.1"
  
  "@aws-sdk/util-hex-encoding@3.201.0":
    version "3.201.0"
    resolved "https://registry.yarnpkg.com/@aws-sdk/util-hex-encoding/-/util-hex-encoding-3.201.0.tgz#21d7ec319240ee68c33d938e71cb79830bea315d"
    integrity sha512-7t1vR1pVxKx0motd3X9rI3m/xNp78p3sHtP5yo4NP4ARpxyJ0fokBomY8ScaH2D/B+U5o9ARxldJUdMqyBlJcA==
    dependencies:
      tslib "^2.3.1"
  
  "@aws-sdk/util-locate-window@^3.0.0":
    version "3.208.0"
    resolved "https://registry.yarnpkg.com/@aws-sdk/util-locate-window/-/util-locate-window-3.208.0.tgz#0f598fc238a1256e4bcb64d01459f03a922dd4c3"
    integrity sha512-iua1A2+P7JJEDHVgvXrRJSvsnzG7stYSGQnBVphIUlemwl6nN5D+QrgbjECtrbxRz8asYFHSzhdhECqN+tFiBg==
    dependencies:
      tslib "^2.3.1"
  
  "@aws-sdk/util-middleware@3.208.0":
    version "3.208.0"
    resolved "https://registry.yarnpkg.com/@aws-sdk/util-middleware/-/util-middleware-3.208.0.tgz#e3f13d19042b34c83bb95294d26f125675bf5647"
    integrity sha512-oXilrYpXwaPyMw1uNjL1wmR54zeFzIWx2ve1MSMheIYr26deFP3RpMfKkGXwiOvXzZ9pzTcA8shNLhg1frO/zg==
    dependencies:
      tslib "^2.3.1"
  
  "@aws-sdk/util-uri-escape@3.201.0":
    version "3.201.0"
    resolved "https://registry.yarnpkg.com/@aws-sdk/util-uri-escape/-/util-uri-escape-3.201.0.tgz#5e708d4cde001a4558ee616f889ceacfadd2ab03"
    integrity sha512-TeTWbGx4LU2c5rx0obHeDFeO9HvwYwQtMh1yniBz00pQb6Qt6YVOETVQikRZ+XRQwEyCg/dA375UplIpiy54mA==
    dependencies:
      tslib "^2.3.1"
  
  "@aws-sdk/util-user-agent-browser@3.208.0":
    version "3.208.0"
    resolved "https://registry.yarnpkg.com/@aws-sdk/util-user-agent-browser/-/util-user-agent-browser-3.208.0.tgz#cdc629bee35b24598017941e8d9324bd78dd5cb2"
    integrity sha512-Z5n9Kg2pBstzzQgRymQRgb4pM0bNPLGQejB3ZmCAphaxvuTBfu2E6KO55h5WwkFHUuh0i5u2wn1BI9R66S8CgQ==
    dependencies:
      "@aws-sdk/types" "3.208.0"
      bowser "^2.11.0"
      tslib "^2.3.1"
  
  "@aws-sdk/util-user-agent-node@3.208.0":
    version "3.208.0"
    resolved "https://registry.yarnpkg.com/@aws-sdk/util-user-agent-node/-/util-user-agent-node-3.208.0.tgz#d88f0b06bc008c2a1b5751f62fdd6aa91d81f9fc"
    integrity sha512-T7V3TTc+NdcHgITo8yMUDs/qR0wfPjURUrCixHPtqYkqvhoF6YrHUAoCbOcz7SG/Tsm2GgSKAHB4ip9D2QLg4g==
    dependencies:
      "@aws-sdk/node-config-provider" "3.208.0"
      "@aws-sdk/types" "3.208.0"
      tslib "^2.3.1"
  
  "@aws-sdk/util-utf8-browser@3.188.0", "@aws-sdk/util-utf8-browser@^3.0.0":
    version "3.188.0"
    resolved "https://registry.yarnpkg.com/@aws-sdk/util-utf8-browser/-/util-utf8-browser-3.188.0.tgz#484762bd600401350e148277731d6744a4a92225"
    integrity sha512-jt627x0+jE+Ydr9NwkFstg3cUvgWh56qdaqAMDsqgRlKD21md/6G226z/Qxl7lb1VEW2LlmCx43ai/37Qwcj2Q==
    dependencies:
      tslib "^2.3.1"
  
  "@aws-sdk/util-utf8-node@3.208.0":
    version "3.208.0"
    resolved "https://registry.yarnpkg.com/@aws-sdk/util-utf8-node/-/util-utf8-node-3.208.0.tgz#eba17de0f92f87b98481c2e2d0ceaa05c7994d67"
    integrity sha512-jKY87Acv0yWBdFxx6bveagy5FYjz+dtV8IPT7ay1E2WPWH1czoIdMAkc8tSInK31T6CRnHWkLZ1qYwCbgRfERQ==
    dependencies:
      "@aws-sdk/util-buffer-from" "3.208.0"
      tslib "^2.3.1"
  
  "@discordjs/builders@^0.16.0":
    version "0.16.0"
    resolved "https://registry.yarnpkg.com/@discordjs/builders/-/builders-0.16.0.tgz#3201f57fa57c4dd77aebb480cf47da77b7ba2e8c"
    integrity sha512-9/NCiZrLivgRub2/kBc0Vm5pMBE5AUdYbdXsLu/yg9ANgvnaJ0bZKTY8yYnLbsEc/LYUP79lEIdC73qEYhWq7A==
    dependencies:
      "@sapphire/shapeshift" "^3.5.1"
      discord-api-types "^0.36.2"
      fast-deep-equal "^3.1.3"
      ts-mixer "^6.0.1"
      tslib "^2.4.0"
  
  "@discordjs/collection@^0.7.0":
    version "0.7.0"
    resolved "https://registry.yarnpkg.com/@discordjs/collection/-/collection-0.7.0.tgz#1a6c00198b744ba2b73a64442145da637ac073b8"
    integrity sha512-R5i8Wb8kIcBAFEPLLf7LVBQKBDYUL+ekb23sOgpkpyGT+V4P7V83wTxcsqmX+PbqHt4cEHn053uMWfRqh/Z/nA==
  
  "@discordjs/collection@^1.2.0":
    version "1.2.0"
    resolved "https://registry.yarnpkg.com/@discordjs/collection/-/collection-1.2.0.tgz#5cad4bb47521c6f0abd175bf55c84528d1ac94f7"
    integrity sha512-VvrrtGb7vbfPHzbhGq9qZB5o8FOB+kfazrxdt0OtxzSkoBuw9dURMkCwWizZ00+rDpiK2HmLHBZX+y6JsG9khw==
  
  "@discordjs/rest@^1.3.0":
    version "1.3.0"
    resolved "https://registry.yarnpkg.com/@discordjs/rest/-/rest-1.3.0.tgz#26dd146eeda0c19a3076b3872a00ac9f323763c8"
    integrity sha512-U6X5J+r/MxYpPTlHFuPxXEf92aKsBaD2teBC7sWkKILIr30O8c9+XshfL7KFBCavnAqS/qE+PF9fgRilO3N44g==
    dependencies:
      "@discordjs/collection" "^1.2.0"
      "@discordjs/util" "^0.1.0"
      "@sapphire/async-queue" "^1.5.0"
      "@sapphire/snowflake" "^3.2.2"
      discord-api-types "^0.37.12"
      file-type "^18.0.0"
      tslib "^2.4.0"
      undici "^5.11.0"
  
  "@discordjs/util@^0.1.0":
    version "0.1.0"
    resolved "https://registry.yarnpkg.com/@discordjs/util/-/util-0.1.0.tgz#e42ca1bf407bc6d9adf252877d1b206e32ba369a"
    integrity sha512-e7d+PaTLVQav6rOc2tojh2y6FE8S7REkqLldq1XF4soCx74XB/DIjbVbVLtBemf0nLW77ntz0v+o5DytKwFNLQ==
  
  "@sapphire/async-queue@^1.5.0":
    version "1.5.0"
    resolved "https://registry.yarnpkg.com/@sapphire/async-queue/-/async-queue-1.5.0.tgz#2f255a3f186635c4fb5a2381e375d3dfbc5312d8"
    integrity sha512-JkLdIsP8fPAdh9ZZjrbHWR/+mZj0wvKS5ICibcLrRI1j84UmLMshx5n9QmL8b95d4onJ2xxiyugTgSAX7AalmA==
  
  "@sapphire/shapeshift@^3.5.1":
    version "3.7.0"
    resolved "https://registry.yarnpkg.com/@sapphire/shapeshift/-/shapeshift-3.7.0.tgz#488cf06857be75826292dac451c13eeb0143602d"
    integrity sha512-A6vI1zJoxhjWo4grsxpBRBgk96SqSdjLX5WlzKp9H+bJbkM07mvwcbtbVAmUZHbi/OG3HLfiZ1rlw4BhH6tsBQ==
    dependencies:
      fast-deep-equal "^3.1.3"
      lodash.uniqwith "^4.5.0"
  
  "@sapphire/snowflake@^3.2.2":
    version "3.2.2"
    resolved "https://registry.yarnpkg.com/@sapphire/snowflake/-/snowflake-3.2.2.tgz#faacdc1b5f7c43145a71eddba917de2b707ef780"
    integrity sha512-ula2O0kpSZtX9rKXNeQMrHwNd7E4jPDJYUXmEGTFdMRfyfMw+FPyh04oKMjAiDuOi64bYgVkOV3MjK+loImFhQ==
  
  "@tokenizer/token@^0.3.0":
    version "0.3.0"
    resolved "https://registry.yarnpkg.com/@tokenizer/token/-/token-0.3.0.tgz#fe98a93fe789247e998c75e74e9c7c63217aa276"
    integrity sha512-OvjF+z51L3ov0OyAU0duzsYuvO01PH7x4t6DJx+guahgTnBHkhJdG7soQeTSFLWN3efnHyibZ4Z8l2EuWwJN3A==
  
  "@types/node-fetch@^2.6.2":
    version "2.6.2"
    resolved "https://registry.yarnpkg.com/@types/node-fetch/-/node-fetch-2.6.2.tgz#d1a9c5fd049d9415dce61571557104dec3ec81da"
    integrity sha512-DHqhlq5jeESLy19TYhLakJ07kNumXWjcDdxXsLUMJZ6ue8VZJj4kLPQVE/2mdHh3xZziNF1xppu5lwmS53HR+A==
    dependencies:
      "@types/node" "*"
      form-data "^3.0.0"
  
  "@types/node@*":
    version "18.11.9"
    resolved "https://registry.yarnpkg.com/@types/node/-/node-18.11.9.tgz#02d013de7058cea16d36168ef2fc653464cfbad4"
    integrity sha512-CRpX21/kGdzjOpFsZSkcrXMGIBWMGNIHXXBVFSH+ggkftxg+XYP20TESbh+zFvFj3EQOl5byk0HTRn1IL6hbqg==
  
  "@types/webidl-conversions@*":
    version "7.0.0"
    resolved "https://registry.yarnpkg.com/@types/webidl-conversions/-/webidl-conversions-7.0.0.tgz#2b8e60e33906459219aa587e9d1a612ae994cfe7"
    integrity sha512-xTE1E+YF4aWPJJeUzaZI5DRntlkY3+BCVJi0axFptnjGmAoWxkyREIh/XMrfxVLejwQxMCfDXdICo0VLxThrog==
  
  "@types/whatwg-url@^8.2.1":
    version "8.2.2"
    resolved "https://registry.yarnpkg.com/@types/whatwg-url/-/whatwg-url-8.2.2.tgz#749d5b3873e845897ada99be4448041d4cc39e63"
    integrity sha512-FtQu10RWgn3D9U4aazdwIE2yzphmTJREDqNdODHrbrZmmMqI0vMheC/6NE/J1Yveaj8H+ela+YwWTjq5PGmuhA==
    dependencies:
      "@types/node" "*"
      "@types/webidl-conversions" "*"
  
  "@types/ws@^8.5.3":
    version "8.5.3"
    resolved "https://registry.yarnpkg.com/@types/ws/-/ws-8.5.3.tgz#7d25a1ffbecd3c4f2d35068d0b283c037003274d"
    integrity sha512-6YOoWjruKj1uLf3INHH7D3qTXwFfEsg1kf3c0uDdSBJwfa/llkwIjrAGV7j7mVgGNbzTQ3HiHKKDXl6bJPD97w==
    dependencies:
      "@types/node" "*"
  
  asynckit@^0.4.0:
    version "0.4.0"
    resolved "https://registry.yarnpkg.com/asynckit/-/asynckit-0.4.0.tgz#c79ed97f7f34cb8f2ba1bc9790bcc366474b4b79"
    integrity sha512-Oei9OH4tRh0YqU3GxhX79dM/mwVgvbZJaSNaRk+bshkj0S5cfHcgYakreBjrHwatXKbz+IoIdYLxrKim2MjW0Q==
  
  base64-js@^1.3.1:
    version "1.5.1"
    resolved "https://registry.yarnpkg.com/base64-js/-/base64-js-1.5.1.tgz#1b1b440160a5bf7ad40b650f095963481903930a"
    integrity sha512-AKpaYlHn8t4SVbOHCy+b5+KKgvR4vrsD8vbvrbiQJps7fKDTkjkDry6ji0rUJjC0kzbNePLwzxq8iypo41qeWA==
  
  bowser@^2.11.0:
    version "2.11.0"
    resolved "https://registry.yarnpkg.com/bowser/-/bowser-2.11.0.tgz#5ca3c35757a7aa5771500c70a73a9f91ef420a8f"
    integrity sha512-AlcaJBi/pqqJBIQ8U9Mcpc9i8Aqxn88Skv5d+xBX006BY5u8N3mGLHa5Lgppa7L/HfwgwLgZ6NYs+Ag6uUmJRA==
  
  bson@^4.7.0:
    version "4.7.0"
    resolved "https://registry.yarnpkg.com/bson/-/bson-4.7.0.tgz#7874a60091ffc7a45c5dd2973b5cad7cded9718a"
    integrity sha512-VrlEE4vuiO1WTpfof4VmaVolCVYkYTgB9iWgYNOrVlnifpME/06fhFRmONgBhClD5pFC1t9ZWqFUQEQAzY43bA==
    dependencies:
      buffer "^5.6.0"
  
  buffer@^5.6.0:
    version "5.7.1"
    resolved "https://registry.yarnpkg.com/buffer/-/buffer-5.7.1.tgz#ba62e7c13133053582197160851a8f648e99eed0"
    integrity sha512-EHcyIPBQ4BSGlvjB16k5KgAJ27CIsHY/2JBmCRReo48y9rQ3MaUzWX3KVlBa4U7MyX02HdVj0K7C3WaB3ju7FQ==
    dependencies:
      base64-js "^1.3.1"
      ieee754 "^1.1.13"
  
  busboy@^1.6.0:
    version "1.6.0"
    resolved "https://registry.yarnpkg.com/busboy/-/busboy-1.6.0.tgz#966ea36a9502e43cdb9146962523b92f531f6893"
    integrity sha512-8SFQbg/0hQ9xy3UNTB0YEnsNBbWfhf7RtnzpL7TkBiTBRfrQ9Fxcnz7VJsleJpyp6rVLvXiuORqjlHi5q+PYuA==
    dependencies:
      streamsearch "^1.1.0"
  
  combined-stream@^1.0.8:
    version "1.0.8"
    resolved "https://registry.yarnpkg.com/combined-stream/-/combined-stream-1.0.8.tgz#c3d45a8b34fd730631a110a8a2520682b31d5a7f"
    integrity sha512-FQN4MRfuJeHf7cBbBMJFXhKSDq+2kAArBlmRBvcvFE5BB1HZKXtSFASDhdlz9zOYwxh8lDdnvmMOe/+5cdoEdg==
    dependencies:
      delayed-stream "~1.0.0"
  
  debug@4.x:
    version "4.3.4"
    resolved "https://registry.yarnpkg.com/debug/-/debug-4.3.4.tgz#1319f6579357f2338d3337d2cdd4914bb5dcc865"
    integrity sha512-PRWFHuSU3eDtQJPvnNY7Jcket1j0t5OuOsFzPPzsekD52Zl8qUfFIPEiswXqIvHWGVHOgX+7G/vCNNhehwxfkQ==
    dependencies:
      ms "2.1.2"
  
  delayed-stream@~1.0.0:
    version "1.0.0"
    resolved "https://registry.yarnpkg.com/delayed-stream/-/delayed-stream-1.0.0.tgz#df3ae199acadfb7d440aaae0b29e2272b24ec619"
    integrity sha512-ZySD7Nf91aLB0RxL4KGrKHBXl7Eds1DAmEdcoVawXnLD7SDhpNgtuII2aAkg7a7QS41jxPSZ17p4VdGnMHk3MQ==
  
  denque@^2.1.0:
    version "2.1.0"
    resolved "https://registry.yarnpkg.com/denque/-/denque-2.1.0.tgz#e93e1a6569fb5e66f16a3c2a2964617d349d6ab1"
    integrity sha512-HVQE3AAb/pxF8fQAoiqpvg9i3evqug3hoiwakOyZAwJm+6vZehbkYXZ0l4JxS+I3QxM97v5aaRNhj8v5oBhekw==
  
  discord-api-types@^0.33.5:
    version "0.33.5"
    resolved "https://registry.yarnpkg.com/discord-api-types/-/discord-api-types-0.33.5.tgz#6548b70520f7b944c60984dca4ab58654d664a12"
    integrity sha512-dvO5M52v7m7Dy96+XUnzXNsQ/0npsYpU6dL205kAtEDueswoz3aU3bh1UMoK4cQmcGtB1YRyLKqp+DXi05lzFg==
  
  discord-api-types@^0.36.2:
    version "0.36.3"
    resolved "https://registry.yarnpkg.com/discord-api-types/-/discord-api-types-0.36.3.tgz#a931b7e57473a5c971d6937fa5f392eb30047579"
    integrity sha512-bz/NDyG0KBo/tY14vSkrwQ/n3HKPf87a0WFW/1M9+tXYK+vp5Z5EksawfCWo2zkAc6o7CClc0eff1Pjrqznlwg==
  
  discord-api-types@^0.37.12:
    version "0.37.17"
    resolved "https://registry.yarnpkg.com/discord-api-types/-/discord-api-types-0.37.17.tgz#314e4225fdff31b08b83ba5104d46564bc02303c"
    integrity sha512-5ZIw1VtkmToBy8ziketjHkZnW1FoLevyXdK/TslNFLozijug2RnB3MyBNtSGzML1c72koU3neeGkvFZ8OiU0tQ==
  
  discord.js@^13.11.0:
    version "13.12.0"
    resolved "https://registry.yarnpkg.com/discord.js/-/discord.js-13.12.0.tgz#e4839c14a02b1947e063b72f09a49b11336a58f5"
    integrity sha512-K5qhREsYcTHkEqt7+7LcSoXTeQYZpI+SQRs9ei/FhbhUpirmjqFtN99P8W2mrKUyhhy7WXWm7rnna0AooKtIpw==
    dependencies:
      "@discordjs/builders" "^0.16.0"
      "@discordjs/collection" "^0.7.0"
      "@sapphire/async-queue" "^1.5.0"
      "@types/node-fetch" "^2.6.2"
      "@types/ws" "^8.5.3"
      discord-api-types "^0.33.5"
      form-data "^4.0.0"
      node-fetch "^2.6.7"
      ws "^8.9.0"
  
  fast-deep-equal@^3.1.3:
    version "3.1.3"
    resolved "https://registry.yarnpkg.com/fast-deep-equal/-/fast-deep-equal-3.1.3.tgz#3a7d56b559d6cbc3eb512325244e619a65c6c525"
    integrity sha512-f3qQ9oQy9j2AhBe/H9VC91wLmKBCCU/gDOnKNAYG5hswO7BLKj09Hc5HYNz9cGI++xlpDCIgDaitVs03ATR84Q==
  
  fast-xml-parser@4.0.11:
    version "4.0.11"
    resolved "https://registry.yarnpkg.com/fast-xml-parser/-/fast-xml-parser-4.0.11.tgz#42332a9aca544520631c8919e6ea871c0185a985"
    integrity sha512-4aUg3aNRR/WjQAcpceODG1C3x3lFANXRo8+1biqfieHmg9pyMt7qB4lQV/Ta6sJCTbA5vfD8fnA8S54JATiFUA==
    dependencies:
      strnum "^1.0.5"
  
  file-type@^18.0.0:
    version "18.0.0"
    resolved "https://registry.yarnpkg.com/file-type/-/file-type-18.0.0.tgz#7a39378f8657ddc02807a0c62cb77cb4dc318197"
    integrity sha512-jjMwFpnW8PKofLE/4ohlhqwDk5k0NC6iy0UHAJFKoY1fQeGMN0GDdLgHQrvCbSpMwbqzoCZhRI5dETCZna5qVA==
    dependencies:
      readable-web-to-node-stream "^3.0.2"
      strtok3 "^7.0.0"
      token-types "^5.0.1"
  
  form-data@^3.0.0:
    version "3.0.1"
    resolved "https://registry.yarnpkg.com/form-data/-/form-data-3.0.1.tgz#ebd53791b78356a99af9a300d4282c4d5eb9755f"
    integrity sha512-RHkBKtLWUVwd7SqRIvCZMEvAMoGUp0XU+seQiZejj0COz3RI3hWP4sCv3gZWWLjJTd7rGwcsF5eKZGii0r/hbg==
    dependencies:
      asynckit "^0.4.0"
      combined-stream "^1.0.8"
      mime-types "^2.1.12"
  
  form-data@^4.0.0:
    version "4.0.0"
    resolved "https://registry.yarnpkg.com/form-data/-/form-data-4.0.0.tgz#93919daeaf361ee529584b9b31664dc12c9fa452"
    integrity sha512-ETEklSGi5t0QMZuiXoA/Q6vcnxcLQP5vdugSpuAyi6SVGi2clPPp+xgEhuMaHC+zGgn31Kd235W35f7Hykkaww==
    dependencies:
      asynckit "^0.4.0"
      combined-stream "^1.0.8"
      mime-types "^2.1.12"
  
  ieee754@^1.1.13, ieee754@^1.2.1:
    version "1.2.1"
    resolved "https://registry.yarnpkg.com/ieee754/-/ieee754-1.2.1.tgz#8eb7a10a63fff25d15a57b001586d177d1b0d352"
    integrity sha512-dcyqhDvX1C46lXZcVqCpK+FtMRQVdIMN6/Df5js2zouUsqG7I6sFxitIC+7KYK29KdXOLHdu9zL4sFnoVQnqaA==
  
  inherits@^2.0.3:
    version "2.0.4"
    resolved "https://registry.yarnpkg.com/inherits/-/inherits-2.0.4.tgz#0fa2c64f932917c3433a0ded55363aae37416b7c"
    integrity sha512-k/vGaX4/Yla3WzyMCvTQOXYeIHvqOKtnqBduzTHpzpQZzAskKMhZ2K+EnBiSM9zGSoIFeMpXKxa4dYeZIQqewQ==
  
  ip@^2.0.0:
    version "2.0.0"
    resolved "https://registry.yarnpkg.com/ip/-/ip-2.0.0.tgz#4cf4ab182fee2314c75ede1276f8c80b479936da"
    integrity sha512-WKa+XuLG1A1R0UWhl2+1XQSi+fZWMsYKffMZTTYsiZaUD8k2yDAj5atimTUD2TZkyCkNEeYE5NhFZmupOGtjYQ==
  
  kareem@2.4.1:
    version "2.4.1"
    resolved "https://registry.yarnpkg.com/kareem/-/kareem-2.4.1.tgz#7d81ec518204a48c1cb16554af126806c3cd82b0"
    integrity sha512-aJ9opVoXroQUPfovYP5kaj2lM7Jn02Gw13bL0lg9v0V7SaUc0qavPs0Eue7d2DcC3NjqI6QAUElXNsuZSeM+EA==
  
  lodash.uniqwith@^4.5.0:
    version "4.5.0"
    resolved "https://registry.yarnpkg.com/lodash.uniqwith/-/lodash.uniqwith-4.5.0.tgz#7a0cbf65f43b5928625a9d4d0dc54b18cadc7ef3"
    integrity sha512-7lYL8bLopMoy4CTICbxygAUq6CdRJ36vFc80DucPueUee+d5NBRxz3FdT9Pes/HEx5mPoT9jwnsEJWz1N7uq7Q==
  
  memory-pager@^1.0.2:
    version "1.5.0"
    resolved "https://registry.yarnpkg.com/memory-pager/-/memory-pager-1.5.0.tgz#d8751655d22d384682741c972f2c3d6dfa3e66b5"
    integrity sha512-ZS4Bp4r/Zoeq6+NLJpP+0Zzm0pR8whtGPf1XExKLJBAczGMnSi3It14OiNCStjQjM6NU1okjQGSxgEZN8eBYKg==
  
  mime-db@1.52.0:
    version "1.52.0"
    resolved "https://registry.yarnpkg.com/mime-db/-/mime-db-1.52.0.tgz#bbabcdc02859f4987301c856e3387ce5ec43bf70"
    integrity sha512-sPU4uV7dYlvtWJxwwxHD0PuihVNiE7TyAbQ5SWxDCB9mUYvOgroQOwYQQOKPJ8CIbE+1ETVlOoK1UC2nU3gYvg==
  
  mime-types@^2.1.12:
    version "2.1.35"
    resolved "https://registry.yarnpkg.com/mime-types/-/mime-types-2.1.35.tgz#381a871b62a734450660ae3deee44813f70d959a"
    integrity sha512-ZDY+bPm5zTTF+YpCrAU9nK0UgICYPT0QtT1NZWFv4s++TNkcgVaT0g6+4R2uI4MjQjzysHB1zxuWL50hzaeXiw==
    dependencies:
      mime-db "1.52.0"
  
  moment@^2.29.4:
    version "2.29.4"
    resolved "https://registry.yarnpkg.com/moment/-/moment-2.29.4.tgz#3dbe052889fe7c1b2ed966fcb3a77328964ef108"
    integrity sha512-5LC9SOxjSc2HF6vO2CyuTDNivEdoz2IvyJJGj6X8DJ0eFyfszE0QiEd+iXmBvUP3WHxSjFH/vIsA0EN00cgr8w==
  
  mongodb-connection-string-url@^2.5.4:
    version "2.5.4"
    resolved "https://registry.yarnpkg.com/mongodb-connection-string-url/-/mongodb-connection-string-url-2.5.4.tgz#1ee2496f4c4eae64f63c4b2d512aebc89996160a"
    integrity sha512-SeAxuWs0ez3iI3vvmLk/j2y+zHwigTDKQhtdxTgt5ZCOQQS5+HW4g45/Xw5vzzbn7oQXCNQ24Z40AkJsizEy7w==
    dependencies:
      "@types/whatwg-url" "^8.2.1"
      whatwg-url "^11.0.0"
  
  mongodb@4.11.0:
    version "4.11.0"
    resolved "https://registry.yarnpkg.com/mongodb/-/mongodb-4.11.0.tgz#d28fdc7509f24d0d274f456529441fa3e570415c"
    integrity sha512-9l9n4Nk2BYZzljW3vHah3Z0rfS5npKw6ktnkmFgTcnzaXH1DRm3pDl6VMHu84EVb1lzmSaJC4OzWZqTkB5i2wg==
    dependencies:
      bson "^4.7.0"
      denque "^2.1.0"
      mongodb-connection-string-url "^2.5.4"
      socks "^2.7.1"
    optionalDependencies:
      "@aws-sdk/credential-providers" "^3.186.0"
      saslprep "^1.0.3"
  
  mongoose@^6.3.4:
    version "6.7.2"
    resolved "https://registry.yarnpkg.com/mongoose/-/mongoose-6.7.2.tgz#457994b254a2afd1e03dd8f0b3046ff3d2ed276e"
    integrity sha512-lrP2V5U1qhaf+z33fiIn7aYAZZ1fVDly+TkFRjTujNBF/FIHESATj2RbgAOSlWqv32fsZXkXejXzeVfjbv35Ow==
    dependencies:
      bson "^4.7.0"
      kareem "2.4.1"
      mongodb "4.11.0"
      mpath "0.9.0"
      mquery "4.0.3"
      ms "2.1.3"
      sift "16.0.1"
  
  mpath@0.9.0:
    version "0.9.0"
    resolved "https://registry.yarnpkg.com/mpath/-/mpath-0.9.0.tgz#0c122fe107846e31fc58c75b09c35514b3871904"
    integrity sha512-ikJRQTk8hw5DEoFVxHG1Gn9T/xcjtdnOKIU1JTmGjZZlg9LST2mBLmcX3/ICIbgJydT2GOc15RnNy5mHmzfSew==
  
  mquery@4.0.3:
    version "4.0.3"
    resolved "https://registry.yarnpkg.com/mquery/-/mquery-4.0.3.tgz#4d15f938e6247d773a942c912d9748bd1965f89d"
    integrity sha512-J5heI+P08I6VJ2Ky3+33IpCdAvlYGTSUjwTPxkAr8i8EoduPMBX2OY/wa3IKZIQl7MU4SbFk8ndgSKyB/cl1zA==
    dependencies:
      debug "4.x"
  
  ms@2.1.2:
    version "2.1.2"
    resolved "https://registry.yarnpkg.com/ms/-/ms-2.1.2.tgz#d09d1f357b443f493382a8eb3ccd183872ae6009"
    integrity sha512-sGkPx+VjMtmA6MX27oA4FBFELFCZZ4S4XqeGOXCv68tT+jb3vk/RyaKWP0PTKyWtmLSM0b+adUTEvbs1PEaH2w==
  
  ms@2.1.3:
    version "2.1.3"
    resolved "https://registry.yarnpkg.com/ms/-/ms-2.1.3.tgz#574c8138ce1d2b5861f0b44579dbadd60c6615b2"
    integrity sha512-6FlzubTLZG3J2a/NVCAleEhjzq5oxgHyaCU9yYXvcLsvoVaHJq/s5xXI6/XXP6tz7R9xAOtHnSO/tXtF3WRTlA==
  
  node-fetch@^2.6.7:
    version "2.6.7"
    resolved "https://registry.yarnpkg.com/node-fetch/-/node-fetch-2.6.7.tgz#24de9fba827e3b4ae44dc8b20256a379160052ad"
    integrity sha512-ZjMPFEfVx5j+y2yF35Kzx5sF7kDzxuDj6ziH4FFbOp87zKDZNx8yExJIb05OGF4Nlt9IHFIMBkRl41VdvcNdbQ==
    dependencies:
      whatwg-url "^5.0.0"
  
  peek-readable@^5.0.0:
    version "5.0.0"
    resolved "https://registry.yarnpkg.com/peek-readable/-/peek-readable-5.0.0.tgz#7ead2aff25dc40458c60347ea76cfdfd63efdfec"
    integrity sha512-YtCKvLUOvwtMGmrniQPdO7MwPjgkFBtFIrmfSbYmYuq3tKDV/mcfAhBth1+C3ru7uXIZasc/pHnb+YDYNkkj4A==
  
  punycode@^2.1.1:
    version "2.1.1"
    resolved "https://registry.yarnpkg.com/punycode/-/punycode-2.1.1.tgz#b58b010ac40c22c5657616c8d2c2c02c7bf479ec"
    integrity sha512-XRsRjdf+j5ml+y/6GKHPZbrF/8p2Yga0JPtdqTIY2Xe5ohJPD9saDJJLPvp9+NSBprVvevdXZybnj2cv8OEd0A==
  
  readable-stream@^3.6.0:
    version "3.6.0"
    resolved "https://registry.yarnpkg.com/readable-stream/-/readable-stream-3.6.0.tgz#337bbda3adc0706bd3e024426a286d4b4b2c9198"
    integrity sha512-BViHy7LKeTz4oNnkcLJ+lVSL6vpiFeX6/d3oSH8zCW7UxP2onchk+vTGB143xuFjHS3deTgkKoXXymXqymiIdA==
    dependencies:
      inherits "^2.0.3"
      string_decoder "^1.1.1"
      util-deprecate "^1.0.1"
  
  readable-web-to-node-stream@^3.0.2:
    version "3.0.2"
    resolved "https://registry.yarnpkg.com/readable-web-to-node-stream/-/readable-web-to-node-stream-3.0.2.tgz#5d52bb5df7b54861fd48d015e93a2cb87b3ee0bb"
    integrity sha512-ePeK6cc1EcKLEhJFt/AebMCLL+GgSKhuygrZ/GLaKZYEecIgIECf4UaUuaByiGtzckwR4ain9VzUh95T1exYGw==
    dependencies:
      readable-stream "^3.6.0"
  
  safe-buffer@~5.2.0:
    version "5.2.1"
    resolved "https://registry.yarnpkg.com/safe-buffer/-/safe-buffer-5.2.1.tgz#1eaf9fa9bdb1fdd4ec75f58f9cdb4e6b7827eec6"
    integrity sha512-rp3So07KcdmmKbGvgaNxQSJr7bGVSVk5S9Eq1F+ppbRo70+YeaDxkw5Dd8NPN+GD6bjnYm2VuPuCXmpuYvmCXQ==
  
  saslprep@^1.0.3:
    version "1.0.3"
    resolved "https://registry.yarnpkg.com/saslprep/-/saslprep-1.0.3.tgz#4c02f946b56cf54297e347ba1093e7acac4cf226"
    integrity sha512-/MY/PEMbk2SuY5sScONwhUDsV2p77Znkb/q3nSVstq/yQzYJOH/Azh29p9oJLsl3LnQwSvZDKagDGBsBwSooag==
    dependencies:
      sparse-bitfield "^3.0.3"
  
  sift@16.0.1:
    version "16.0.1"
    resolved "https://registry.yarnpkg.com/sift/-/sift-16.0.1.tgz#e9c2ccc72191585008cf3e36fc447b2d2633a053"
    integrity sha512-Wv6BjQ5zbhW7VFefWusVP33T/EM0vYikCaQ2qR8yULbsilAT8/wQaXvuQ3ptGLpoKx+lihJE3y2UTgKDyyNHZQ==
  
  smart-buffer@^4.2.0:
    version "4.2.0"
    resolved "https://registry.yarnpkg.com/smart-buffer/-/smart-buffer-4.2.0.tgz#6e1d71fa4f18c05f7d0ff216dd16a481d0e8d9ae"
    integrity sha512-94hK0Hh8rPqQl2xXc3HsaBoOXKV20MToPkcXvwbISWLEs+64sBq5kFgn2kJDHb1Pry9yrP0dxrCI9RRci7RXKg==
  
  socks@^2.7.1:
    version "2.7.1"
    resolved "https://registry.yarnpkg.com/socks/-/socks-2.7.1.tgz#d8e651247178fde79c0663043e07240196857d55"
    integrity sha512-7maUZy1N7uo6+WVEX6psASxtNlKaNVMlGQKkG/63nEDdLOWNbiUMoLK7X4uYoLhQstau72mLgfEWcXcwsaHbYQ==
    dependencies:
      ip "^2.0.0"
      smart-buffer "^4.2.0"
  
  sparse-bitfield@^3.0.3:
    version "3.0.3"
    resolved "https://registry.yarnpkg.com/sparse-bitfield/-/sparse-bitfield-3.0.3.tgz#ff4ae6e68656056ba4b3e792ab3334d38273ca11"
    integrity sha512-kvzhi7vqKTfkh0PZU+2D2PIllw2ymqJKujUcyPMd9Y75Nv4nPbGJZXNhxsgdQab2BmlDct1YnfQCguEvHr7VsQ==
    dependencies:
      memory-pager "^1.0.2"
  
  streamsearch@^1.1.0:
    version "1.1.0"
    resolved "https://registry.yarnpkg.com/streamsearch/-/streamsearch-1.1.0.tgz#404dd1e2247ca94af554e841a8ef0eaa238da764"
    integrity sha512-Mcc5wHehp9aXz1ax6bZUyY5afg9u2rv5cqQI3mRrYkGC8rW2hM02jWuwjtL++LS5qinSyhj2QfLyNsuc+VsExg==
  
  string_decoder@^1.1.1:
    version "1.3.0"
    resolved "https://registry.yarnpkg.com/string_decoder/-/string_decoder-1.3.0.tgz#42f114594a46cf1a8e30b0a84f56c78c3edac21e"
    integrity sha512-hkRX8U1WjJFd8LsDJ2yQ/wWWxaopEsABU1XfkM8A+j0+85JAGppt16cr1Whg6KIbb4okU6Mql6BOj+uup/wKeA==
    dependencies:
      safe-buffer "~5.2.0"
  
  strnum@^1.0.5:
    version "1.0.5"
    resolved "https://registry.yarnpkg.com/strnum/-/strnum-1.0.5.tgz#5c4e829fe15ad4ff0d20c3db5ac97b73c9b072db"
    integrity sha512-J8bbNyKKXl5qYcR36TIO8W3mVGVHrmmxsd5PAItGkmyzwJvybiw2IVq5nqd0i4LSNSkB/sx9VHllbfFdr9k1JA==
  
  strtok3@^7.0.0:
    version "7.0.0"
    resolved "https://registry.yarnpkg.com/strtok3/-/strtok3-7.0.0.tgz#868c428b4ade64a8fd8fee7364256001c1a4cbe5"
    integrity sha512-pQ+V+nYQdC5H3Q7qBZAz/MO6lwGhoC2gOAjuouGf/VO0m7vQRh8QNMl2Uf6SwAtzZ9bOw3UIeBukEGNJl5dtXQ==
    dependencies:
      "@tokenizer/token" "^0.3.0"
      peek-readable "^5.0.0"
  
  token-types@^5.0.1:
    version "5.0.1"
    resolved "https://registry.yarnpkg.com/token-types/-/token-types-5.0.1.tgz#aa9d9e6b23c420a675e55413b180635b86a093b4"
    integrity sha512-Y2fmSnZjQdDb9W4w4r1tswlMHylzWIeOKpx0aZH9BgGtACHhrk3OkT52AzwcuqTRBZtvvnTjDBh8eynMulu8Vg==
    dependencies:
      "@tokenizer/token" "^0.3.0"
      ieee754 "^1.2.1"
  
  tr46@^3.0.0:
    version "3.0.0"
    resolved "https://registry.yarnpkg.com/tr46/-/tr46-3.0.0.tgz#555c4e297a950617e8eeddef633c87d4d9d6cbf9"
    integrity sha512-l7FvfAHlcmulp8kr+flpQZmVwtu7nfRV7NZujtN0OqES8EL4O4e0qqzL0DC5gAvx/ZC/9lk6rhcUwYvkBnBnYA==
    dependencies:
      punycode "^2.1.1"
  
  tr46@~0.0.3:
    version "0.0.3"
    resolved "https://registry.yarnpkg.com/tr46/-/tr46-0.0.3.tgz#8184fd347dac9cdc185992f3a6622e14b9d9ab6a"
    integrity sha512-N3WMsuqV66lT30CrXNbEjx4GEwlow3v6rr4mCcv6prnfwhS01rkgyFdjPNBYd9br7LpXV1+Emh01fHnq2Gdgrw==
  
  ts-mixer@^6.0.1:
    version "6.0.2"
    resolved "https://registry.yarnpkg.com/ts-mixer/-/ts-mixer-6.0.2.tgz#3e4e4bb8daffb24435f6980b15204cb5b287e016"
    integrity sha512-zvHx3VM83m2WYCE8XL99uaM7mFwYSkjR2OZti98fabHrwkjsCvgwChda5xctein3xGOyaQhtTeDq/1H/GNvF3A==
  
  tslib@^1.11.1:
    version "1.14.1"
    resolved "https://registry.yarnpkg.com/tslib/-/tslib-1.14.1.tgz#cf2d38bdc34a134bcaf1091c41f6619e2f672d00"
    integrity sha512-Xni35NKzjgMrwevysHTCArtLDpPvye8zV/0E4EyYn43P7/7qvQwPh9BGkHewbMulVntbigmcT7rdX3BNo9wRJg==
  
  tslib@^2.3.1, tslib@^2.4.0:
    version "2.4.1"
    resolved "https://registry.yarnpkg.com/tslib/-/tslib-2.4.1.tgz#0d0bfbaac2880b91e22df0768e55be9753a5b17e"
    integrity sha512-tGyy4dAjRIEwI7BzsB0lynWgOpfqjUdq91XXAlIWD2OwKBH7oCl/GZG/HT4BOHrTlPMOASlMQ7veyTqpmRcrNA==
  
  undici@^5.11.0:
    version "5.12.0"
    resolved "https://registry.yarnpkg.com/undici/-/undici-5.12.0.tgz#c758ffa704fbcd40d506e4948860ccaf4099f531"
    integrity sha512-zMLamCG62PGjd9HHMpo05bSLvvwWOZgGeiWlN/vlqu3+lRo3elxktVGEyLMX+IO7c2eflLjcW74AlkhEZm15mg==
    dependencies:
      busboy "^1.6.0"
  
  util-deprecate@^1.0.1:
    version "1.0.2"
    resolved "https://registry.yarnpkg.com/util-deprecate/-/util-deprecate-1.0.2.tgz#450d4dc9fa70de732762fbd2d4a28981419a0ccf"
    integrity sha512-EPD5q1uXyFxJpCrLnCc1nHnq3gOa6DZBocAIiI2TaSCA7VCJ1UJDMagCzIkXNsUYfD1daK//LTEQ8xiIbrHtcw==
  
  uuid@^8.3.2:
    version "8.3.2"
    resolved "https://registry.yarnpkg.com/uuid/-/uuid-8.3.2.tgz#80d5b5ced271bb9af6c445f21a1a04c606cefbe2"
    integrity sha512-+NYs2QeMWy+GWFOEm9xnn6HCDp0l7QBD7ml8zLUmJ+93Q5NF0NocErnwkTkXVFNiX3/fpC6afS8Dhb/gz7R7eg==
  
  webidl-conversions@^3.0.0:
    version "3.0.1"
    resolved "https://registry.yarnpkg.com/webidl-conversions/-/webidl-conversions-3.0.1.tgz#24534275e2a7bc6be7bc86611cc16ae0a5654871"
    integrity sha512-2JAn3z8AR6rjK8Sm8orRC0h/bcl/DqL7tRPdGZ4I1CjdF+EaMLmYxBHyXuKL849eucPFhvBoxMsflfOb8kxaeQ==
  
  webidl-conversions@^7.0.0:
    version "7.0.0"
    resolved "https://registry.yarnpkg.com/webidl-conversions/-/webidl-conversions-7.0.0.tgz#256b4e1882be7debbf01d05f0aa2039778ea080a"
    integrity sha512-VwddBukDzu71offAQR975unBIGqfKZpM+8ZX6ySk8nYhVoo5CYaZyzt3YBvYtRtO+aoGlqxPg/B87NGVZ/fu6g==
  
  whatwg-url@^11.0.0:
    version "11.0.0"
    resolved "https://registry.yarnpkg.com/whatwg-url/-/whatwg-url-11.0.0.tgz#0a849eebb5faf2119b901bb76fd795c2848d4018"
    integrity sha512-RKT8HExMpoYx4igMiVMY83lN6UeITKJlBQ+vR/8ZJ8OCdSiN3RwCq+9gH0+Xzj0+5IrM6i4j/6LuvzbZIQgEcQ==
    dependencies:
      tr46 "^3.0.0"
      webidl-conversions "^7.0.0"
  
  whatwg-url@^5.0.0:
    version "5.0.0"
    resolved "https://registry.yarnpkg.com/whatwg-url/-/whatwg-url-5.0.0.tgz#966454e8765462e37644d3626f6742ce8b70965d"
    integrity sha512-saE57nupxk6v3HY35+jzBwYa0rKSy0XR8JSxZPwgLr7ys0IBzhGviA1/TUGJLmSVqs8pb9AnvICXEuOHLprYTw==
    dependencies:
      tr46 "~0.0.3"
      webidl-conversions "^3.0.0"
  
  ws@^8.9.0:
    version "8.11.0"
    resolved "https://registry.yarnpkg.com/ws/-/ws-8.11.0.tgz#6a0d36b8edfd9f96d8b25683db2f8d7de6e8e143"
    integrity sha512-HPG3wQd9sNQoT9xHyNCXoDUa+Xw/VevmY9FoHyQ+g+rrMn4j6FB4np7Z0OhdTgjx6MgQLK7jwSy1YecU1+4Asg==
